<?xml version="1.0" encoding="UTF-8"?>
<!-- Generated by org.testng.reporters.JUnitXMLReporter -->
<testsuite ignored="0" hostname="CDA-AR-0821" failures="1" tests="1" name="TestApp" time="1.901" errors="0" timestamp="2022-04-01T16:17:07 ART">
  <testcase classname="com.kobiton.scriptlessautomation.TestSuite" name="testOnSMF711U1Android11" time="1.844">
    <failure type="java.lang.Exception" message="The credential you entered was not authorized. Please double-check and try again.">
      <![CDATA[java.lang.Exception: The credential you entered was not authorized. Please double-check and try again.
at com.kobiton.scriptlessautomation.TestBase.getAvailableDevice(TestBase.java:928)
at com.kobiton.scriptlessautomation.TestBase.findOnlineDevice(TestBase.java:963)
at com.kobiton.scriptlessautomation.TestSuite.testOnSMF711U1Android11(TestSuite.java:12)
at java.base/java.util.concurrent.ThreadPoolExecutor.runWorker(ThreadPoolExecutor.java:1130)
at java.base/java.util.concurrent.ThreadPoolExecutor$Worker.run(ThreadPoolExecutor.java:630)
at java.base/java.lang.Thread.run(Thread.java:832)
... Removed 12 stack frames]]>
    </failure>
  </testcase> <!-- testOnSMF711U1Android11 -->
</testsuite> <!-- TestApp -->
