<?xml version="1.0" encoding="UTF-8"?>
<testng-results ignored="0" total="1" passed="0" failed="1" skipped="0">
  <reporter-output>
  </reporter-output>
  <suite started-at="2022-04-01T16:17:06 ART" name="Kobiton Test Suite" finished-at="2022-04-01T16:17:07 ART" duration-ms="1901">
    <groups>
    </groups>
    <test started-at="2022-04-01T16:17:06 ART" name="TestApp" finished-at="2022-04-01T16:17:07 ART" duration-ms="1901">
      <class name="com.kobiton.scriptlessautomation.TestSuite">
        <test-method signature="testOnSMF711U1Android11()[pri:0, instance:com.kobiton.scriptlessautomation.TestSuite@17497425]" started-at="2022-04-01T16:17:06 ART" name="testOnSMF711U1Android11" finished-at="2022-04-01T16:17:07 ART" duration-ms="1844" status="FAIL">
          <exception class="java.lang.Exception">
            <message>
              <![CDATA[The credential you entered was not authorized. Please double-check and try again.]]>
            </message>
            <full-stacktrace>
              <![CDATA[java.lang.Exception: The credential you entered was not authorized. Please double-check and try again.
at com.kobiton.scriptlessautomation.TestBase.getAvailableDevice(TestBase.java:928)
at com.kobiton.scriptlessautomation.TestBase.findOnlineDevice(TestBase.java:963)
at com.kobiton.scriptlessautomation.TestSuite.testOnSMF711U1Android11(TestSuite.java:12)
at java.base/jdk.internal.reflect.NativeMethodAccessorImpl.invoke0(Native Method)
at java.base/jdk.internal.reflect.NativeMethodAccessorImpl.invoke(NativeMethodAccessorImpl.java:64)
at java.base/jdk.internal.reflect.DelegatingMethodAccessorImpl.invoke(DelegatingMethodAccessorImpl.java:43)
at java.base/java.lang.reflect.Method.invoke(Method.java:564)
at org.testng.internal.MethodInvocationHelper.invokeMethod(MethodInvocationHelper.java:133)
at org.testng.internal.TestInvoker.invokeMethod(TestInvoker.java:598)
at org.testng.internal.TestInvoker.invokeTestMethod(TestInvoker.java:173)
at org.testng.internal.MethodRunner.runInSequence(MethodRunner.java:46)
at org.testng.internal.TestInvoker$MethodInvocationAgent.invoke(TestInvoker.java:824)
at org.testng.internal.TestInvoker.invokeTestMethods(TestInvoker.java:146)
at org.testng.internal.TestMethodWorker.invokeTestMethods(TestMethodWorker.java:146)
at org.testng.internal.TestMethodWorker.run(TestMethodWorker.java:128)
at java.base/java.util.concurrent.ThreadPoolExecutor.runWorker(ThreadPoolExecutor.java:1130)
at java.base/java.util.concurrent.ThreadPoolExecutor$Worker.run(ThreadPoolExecutor.java:630)
at java.base/java.lang.Thread.run(Thread.java:832)
]]>
            </full-stacktrace>
          </exception> <!-- java.lang.Exception -->
          <reporter-output>
          </reporter-output>
        </test-method> <!-- testOnSMF711U1Android11 -->
      </class> <!-- com.kobiton.scriptlessautomation.TestSuite -->
    </test> <!-- TestApp -->
  </suite> <!-- Kobiton Test Suite -->
</testng-results>
