<?xml version="1.0" encoding="UTF-8"?>
<testsuite name="TestApp"
           tests="1"
           failures="1"
           errors="0"
           skipped="0"
           time="1,844">
    <properties></properties>

            <testcase
                name="testOnSMF711U1Android11"
                time="1,844"
                classname="com.kobiton.scriptlessautomation.TestSuite">

            <failure type="java.lang.Exception" message="The credential you entered was not authorized. Please double-check and try again.">
                <![CDATA[java.lang.Exception: The credential you entered was not authorized. Please double-check and try again.
                com.kobiton.scriptlessautomation.TestBase.getAvailableDevice(TestBase.java:928)com.kobiton.scriptlessautomation.TestBase.findOnlineDevice(TestBase.java:963)com.kobiton.scriptlessautomation.TestSuite.testOnSMF711U1Android11(TestSuite.java:12)java.base/jdk.internal.reflect.NativeMethodAccessorImpl.invoke0(Native Method)java.base/jdk.internal.reflect.NativeMethodAccessorImpl.invoke(NativeMethodAccessorImpl.java:64)java.base/jdk.internal.reflect.DelegatingMethodAccessorImpl.invoke(DelegatingMethodAccessorImpl.java:43)java.base/java.lang.reflect.Method.invoke(Method.java:564)org.testng.internal.MethodInvocationHelper.invokeMethod(MethodInvocationHelper.java:133)org.testng.internal.TestInvoker.invokeMethod(TestInvoker.java:598)org.testng.internal.TestInvoker.invokeTestMethod(TestInvoker.java:173)org.testng.internal.MethodRunner.runInSequence(MethodRunner.java:46)org.testng.internal.TestInvoker$MethodInvocationAgent.invoke(TestInvoker.java:824)org.testng.internal.TestInvoker.invokeTestMethods(TestInvoker.java:146)org.testng.internal.TestMethodWorker.invokeTestMethods(TestMethodWorker.java:146)org.testng.internal.TestMethodWorker.run(TestMethodWorker.java:128)java.base/java.util.concurrent.ThreadPoolExecutor.runWorker(ThreadPoolExecutor.java:1130)java.base/java.util.concurrent.ThreadPoolExecutor$Worker.run(ThreadPoolExecutor.java:630)java.base/java.lang.Thread.run(Thread.java:832)
]]>
            </failure>
    </testcase>


</testsuite>
